Performing C++ SOURCE FILE Test CMAKE_HAVE_LIBC_PTHREAD failed with the following output:
Change Dir: /mnt/nfs/homes/motoure/42-Spaghetti/build/CMakeFiles/CMakeTmp

Run Build Command(s):/usr/bin/make cmTC_303d4/fast && /usr/bin/make -f CMakeFiles/cmTC_303d4.dir/build.make CMakeFiles/cmTC_303d4.dir/build
make[1]: Entering directory '/mnt/nfs/homes/motoure/42-Spaghetti/build/CMakeFiles/CMakeTmp'
Building CXX object CMakeFiles/cmTC_303d4.dir/src.cxx.o
/usr/bin/c++    -DCMAKE_HAVE_LIBC_PTHREAD   -o CMakeFiles/cmTC_303d4.dir/src.cxx.o -c /mnt/nfs/homes/motoure/42-Spaghetti/build/CMakeFiles/CMakeTmp/src.cxx
Linking CXX executable cmTC_303d4
/usr/bin/cmake -E cmake_link_script CMakeFiles/cmTC_303d4.dir/link.txt --verbose=1
/usr/bin/c++   -DCMAKE_HAVE_LIBC_PTHREAD    CMakeFiles/cmTC_303d4.dir/src.cxx.o  -o cmTC_303d4 
/usr/bin/ld: CMakeFiles/cmTC_303d4.dir/src.cxx.o: in function `main':
src.cxx:(.text+0x35): undefined reference to `pthread_create'
/usr/bin/ld: src.cxx:(.text+0x3e): undefined reference to `pthread_detach'
/usr/bin/ld: src.cxx:(.text+0x4b): undefined reference to `pthread_join'
clang: error: linker command failed with exit code 1 (use -v to see invocation)
make[1]: *** [CMakeFiles/cmTC_303d4.dir/build.make:87: cmTC_303d4] Error 1
make[1]: Leaving directory '/mnt/nfs/homes/motoure/42-Spaghetti/build/CMakeFiles/CMakeTmp'
make: *** [Makefile:121: cmTC_303d4/fast] Error 2


Source file was:
#include <pthread.h>

void* test_func(void* data)
{
  return data;
}

int main(void)
{
  pthread_t thread;
  pthread_create(&thread, NULL, test_func, NULL);
  pthread_detach(thread);
  pthread_join(thread, NULL);
  pthread_atfork(NULL, NULL, NULL);
  pthread_exit(NULL);

  return 0;
}

Determining if the function pthread_create exists in the pthreads failed with the following output:
Change Dir: /mnt/nfs/homes/motoure/42-Spaghetti/build/CMakeFiles/CMakeTmp

Run Build Command(s):/usr/bin/make cmTC_fa081/fast && /usr/bin/make -f CMakeFiles/cmTC_fa081.dir/build.make CMakeFiles/cmTC_fa081.dir/build
make[1]: Entering directory '/mnt/nfs/homes/motoure/42-Spaghetti/build/CMakeFiles/CMakeTmp'
Building CXX object CMakeFiles/cmTC_fa081.dir/CheckFunctionExists.cxx.o
/usr/bin/c++    -DCHECK_FUNCTION_EXISTS=pthread_create   -o CMakeFiles/cmTC_fa081.dir/CheckFunctionExists.cxx.o -c /mnt/nfs/homes/motoure/42-Spaghetti/build/CMakeFiles/CheckLibraryExists/CheckFunctionExists.cxx
Linking CXX executable cmTC_fa081
/usr/bin/cmake -E cmake_link_script CMakeFiles/cmTC_fa081.dir/link.txt --verbose=1
/usr/bin/c++   -DCHECK_FUNCTION_EXISTS=pthread_create    CMakeFiles/cmTC_fa081.dir/CheckFunctionExists.cxx.o  -o cmTC_fa081  -lpthreads 
/usr/bin/ld: cannot find -lpthreads
clang: error: linker command failed with exit code 1 (use -v to see invocation)
make[1]: *** [CMakeFiles/cmTC_fa081.dir/build.make:87: cmTC_fa081] Error 1
make[1]: Leaving directory '/mnt/nfs/homes/motoure/42-Spaghetti/build/CMakeFiles/CMakeTmp'
make: *** [Makefile:121: cmTC_fa081/fast] Error 2



